<?xml version="1.0" encoding="UTF-8"?>
<!-- Generated by org.testng.reporters.JUnitReportReporter -->
<testsuite skipped="0" hostname="Filip-PC" name="Project.HTEC.Login" tests="2" failures="0" timestamp="11 Nov 2020 15:29:55 GMT" time="27.790" errors="0">
  <testcase name="homepage" time="16.055" classname="Project.HTEC.Login"/>
  <testcase name="login" time="11.735" classname="Project.HTEC.Login"/>
</testsuite> <!-- Project.HTEC.Login -->
