<?xml version="1.0" encoding="UTF-8"?>
<!-- Generated by org.testng.reporters.JUnitReportReporter -->
<testsuite skipped="0" hostname="Filip-PC" name="project.CreateUseCases" tests="4" failures="0" timestamp="11 Nov 2020 18:28:12 GMT" time="24.715" errors="0">
  <testcase name="useCase1" time="8.710" classname="project.CreateUseCases"/>
  <testcase name="useCase2" time="5.330" classname="project.CreateUseCases"/>
  <testcase name="useCase3" time="4.720" classname="project.CreateUseCases"/>
  <testcase name="useCase4" time="5.955" classname="project.CreateUseCases"/>
</testsuite> <!-- project.CreateUseCases -->
