<?xml version="1.0" encoding="UTF-8"?>
<!-- Generated by org.testng.reporters.JUnitReportReporter -->
<testsuite skipped="0" hostname="Filip-PC" name="project.EditUseCases" tests="1" failures="0" timestamp="11 Nov 2020 18:28:12 GMT" time="8.383" errors="0">
  <testcase name="useCase1" time="8.383" classname="project.EditUseCases"/>
</testsuite> <!-- project.EditUseCases -->
