<?xml version="1.0" encoding="UTF-8"?>
<!-- Generated by org.testng.reporters.JUnitReportReporter -->
<testsuite skipped="0" hostname="Filip-PC" name="project.TerminateBrowser" tests="1" failures="0" timestamp="11 Nov 2020 18:28:12 GMT" time="1.206" errors="0">
  <testcase name="teardown" time="1.206" classname="project.TerminateBrowser"/>
</testsuite> <!-- project.TerminateBrowser -->
