<?xml version="1.0" encoding="UTF-8"?>
<!-- Generated by org.testng.reporters.JUnitReportReporter -->
<testsuite skipped="0" hostname="Filip-PC" name="project.UseCases" tests="1" failures="0" timestamp="11 Nov 2020 15:35:20 GMT" time="1.160" errors="0">
  <testcase name="useCasesEnter" time="1.160" classname="project.UseCases"/>
</testsuite> <!-- project.UseCases -->
