<?xml version="1.0" encoding="UTF-8"?>
<!-- Generated by org.testng.reporters.JUnitReportReporter -->
<testsuite skipped="0" hostname="Filip-PC" name="project.Login" tests="2" failures="0" timestamp="11 Nov 2020 18:28:12 GMT" time="17.795" errors="0">
  <testcase name="login" time="2.216" classname="project.Login"/>
  <testcase name="homepage" time="15.579" classname="project.Login"/>
</testsuite> <!-- project.Login -->
