<?xml version="1.0" encoding="UTF-8"?>
<!-- Generated by org.testng.reporters.JUnitReportReporter -->
<testsuite hostname="Filip-PC" failures="0" tests="1" name="project.EditUseCases" time="8.068" errors="0" timestamp="11 Nov 2020 18:32:52 GMT" skipped="0">
  <testcase classname="project.EditUseCases" name="useCase1" time="8.068"/>
</testsuite> <!-- project.EditUseCases -->
