<?xml version="1.0" encoding="UTF-8"?>
<!-- Generated by org.testng.reporters.JUnitReportReporter -->
<testsuite hostname="Filip-PC" failures="0" tests="2" name="Project.HTEC.Login" time="19.842" errors="0" timestamp="11 Nov 2020 14:23:05 GMT" skipped="0">
  <testcase classname="Project.HTEC.Login" name="homepage" time="16.946"/>
  <testcase classname="Project.HTEC.Login" name="login" time="2.896"/>
</testsuite> <!-- Project.HTEC.Login -->
