<?xml version="1.0" encoding="UTF-8"?>
<!-- Generated by org.testng.reporters.JUnitReportReporter -->
<testsuite hostname="Filip-PC" failures="0" tests="4" name="project.CreateUseCases" time="21.246" errors="0" timestamp="11 Nov 2020 18:32:52 GMT" skipped="0">
  <testcase classname="project.CreateUseCases" name="useCase4" time="5.333"/>
  <testcase classname="project.CreateUseCases" name="useCase1" time="7.587"/>
  <testcase classname="project.CreateUseCases" name="useCase2" time="4.168"/>
  <testcase classname="project.CreateUseCases" name="useCase3" time="4.158"/>
</testsuite> <!-- project.CreateUseCases -->
