<?xml version="1.0" encoding="UTF-8"?>
<!-- Generated by org.testng.reporters.JUnitReportReporter -->
<testsuite hostname="Filip-PC" failures="0" tests="2" name="project.Login" time="19.682" errors="0" timestamp="11 Nov 2020 18:32:52 GMT" skipped="0">
  <testcase classname="project.Login" name="homepage" time="17.119"/>
  <testcase classname="project.Login" name="login" time="2.563"/>
</testsuite> <!-- project.Login -->
